#
# There is insufficient memory for the Java Runtime Environment to continue.
# Native memory allocation (mmap) failed to map 268435456 bytes for Failed to commit area from 0x0000000701800000 to 0x0000000711800000 of length 268435456.
# Possible reasons:
#   The system is out of physical RAM or swap space
#   The process is running with CompressedOops enabled, and the Java Heap may be blocking the growth of the native heap
# Possible solutions:
#   Reduce memory load on the system
#   Increase physical memory or swap space
#   Check if swap backing store is full
#   Decrease Java heap size (-Xmx/-Xms)
#   Decrease number of Java threads
#   Decrease Java thread stack sizes (-Xss)
#   Set larger code cache with -XX:ReservedCodeCacheSize=
# This output file may be truncated or incomplete.
#
#  Out of Memory Error (t:/workspace/open/src/hotspot/os/windows/os_windows.cpp:3275), pid=8740, tid=6228
#
# JRE version:  (11.0.4+10) (build )
# Java VM: Java HotSpot(TM) 64-Bit Server VM (11.0.4+10-LTS, mixed mode, aot, sharing, tiered, compressed oops, g1 gc, windows-amd64)
# No core dump will be written. Minidumps are not enabled by default on client versions of Windows
#

---------------  S U M M A R Y ------------

Command Line: -Dfile.encoding=Cp1252 Main

Host: Intel(R) Core(TM) i7-7500U CPU @ 2.70GHz, 4 cores, 15G,  Windows 10 , 64 bit Build 17134 (10.0.17134.753)
Time: Sat Oct  5 21:16:44 2019 Hora oficial do Brasil elapsed time: 0 seconds (0d 0h 0m 0s)

---------------  T H R E A D  ---------------

Current thread (0x0000023b020b0800):  JavaThread "Unknown thread" [_thread_in_vm, id=6228, stack(0x000000f798300000,0x000000f798400000)]

Stack: [0x000000f798300000,0x000000f798400000]
Native frames: (J=compiled Java code, j=interpreted, Vv=VM code, C=native code)
V  [jvm.dll+0x635bda]
V  [jvm.dll+0x77360f]
V  [jvm.dll+0x774cba]
V  [jvm.dll+0x775373]
V  [jvm.dll+0x25e668]
V  [jvm.dll+0x63306a]
V  [jvm.dll+0x627ab5]
V  [jvm.dll+0x314f8c]
V  [jvm.dll+0x314e12]
V  [jvm.dll+0x31a676]
V  [jvm.dll+0x36676f]
V  [jvm.dll+0x366190]
V  [jvm.dll+0x2f1b18]
V  [jvm.dll+0x2f2c86]
V  [jvm.dll+0x74c777]
V  [jvm.dll+0x74debf]
V  [jvm.dll+0x3735a9]
V  [jvm.dll+0x732e09]
V  [jvm.dll+0x3e2c0d]
V  [jvm.dll+0x3e4ee1]
C  [javaw.exe+0x3617]
C  [javaw.exe+0x17e2c]
C  [KERNEL32.DLL+0x14034]
C  [ntdll.dll+0x73691]


---------------  P R O C E S S  ---------------

Threads class SMR info:
_java_thread_list=0x0000023b01fab1d0, length=0, elements={
}

Java Threads: ( => current thread )

Other Threads:
  0x0000023b020c5800 GCTaskThread "GC Thread#0" [stack: 0x000000f798400000,0x000000f798500000] [id=6308]
  0x0000023b02122000 ConcurrentGCThread "G1 Main Marker" [stack: 0x000000f798500000,0x000000f798600000] [id=5952]
  0x0000023b02126000 ConcurrentGCThread "G1 Conc#0" [stack: 0x000000f798600000,0x000000f798700000] [id=240]

[error occurred during error reporting (printing all threads), id 0xc0000005, EXCEPTION_ACCESS_VIOLATION (0xc0000005) at pc=0x00007ffd80ed03e7]

VM state:not at safepoint (not fully initialized)

VM Mutex/Monitor currently owned by a thread:  ([mutex/lock_event])
[0x0000023b020ae100] Heap_lock - owner thread: 0x0000023b020b0800

Heap address: 0x0000000701800000, size: 4072 MB, Compressed Oops mode: Non-zero based: 0x0000000701800000
Narrow klass base: 0x0000000000000000, Narrow klass shift: 0

GC Heap History (0 events):
No events

Deoptimization events (0 events):
No events

Classes redefined (0 events):
No events

Internal exceptions (0 events):
No events

Events (0 events):
No events


Dynamic libraries:
0x00007ff65fc40000 - 0x00007ff65fc87000 	C:\Program Files\Java\jdk-11.0.4\bin\javaw.exe
0x00007ffda0b90000 - 0x00007ffda0d71000 	C:\WINDOWS\SYSTEM32\ntdll.dll
0x00007ffda0210000 - 0x00007ffda02c1000 	C:\WINDOWS\System32\KERNEL32.DLL
0x00007ffd9dd90000 - 0x00007ffd9e003000 	C:\WINDOWS\System32\KERNELBASE.dll
0x00007ffd9e3f0000 - 0x00007ffd9e491000 	C:\WINDOWS\System32\ADVAPI32.dll
0x00007ffda03c0000 - 0x00007ffda045e000 	C:\WINDOWS\System32\msvcrt.dll
0x00007ffda0120000 - 0x00007ffda017b000 	C:\WINDOWS\System32\sechost.dll
0x00007ffd9f910000 - 0x00007ffd9fa34000 	C:\WINDOWS\System32\RPCRT4.dll
0x00007ffd9e190000 - 0x00007ffd9e320000 	C:\WINDOWS\System32\USER32.dll
0x00007ffd9dd70000 - 0x00007ffd9dd90000 	C:\WINDOWS\System32\win32u.dll
0x00007ffd9fc50000 - 0x00007ffd9fc78000 	C:\WINDOWS\System32\GDI32.dll
0x00007ffd9dbd0000 - 0x00007ffd9dd61000 	C:\WINDOWS\System32\gdi32full.dll
0x00007ffd9d9d0000 - 0x00007ffd9da6f000 	C:\WINDOWS\System32\msvcp_win.dll
0x00007ffd9da70000 - 0x00007ffd9db68000 	C:\WINDOWS\System32\ucrtbase.dll
0x00007ffd8ff50000 - 0x00007ffd901b9000 	C:\WINDOWS\WinSxS\amd64_microsoft.windows.common-controls_6595b64144ccf1df_6.0.17134.1006_none_d3fbb8f77c940c3f\COMCTL32.dll
0x00007ffd9fde0000 - 0x00007ffda0101000 	C:\WINDOWS\System32\combase.dll
0x00007ffd95ca0000 - 0x00007ffd95caa000 	C:\WINDOWS\SYSTEM32\VERSION.dll
0x00007ffd9cf50000 - 0x00007ffd9cfc9000 	C:\WINDOWS\System32\bcryptPrimitives.dll
0x00007ffd9e3c0000 - 0x00007ffd9e3ed000 	C:\WINDOWS\System32\IMM32.DLL
0x00007ffd84bf0000 - 0x00007ffd84c06000 	C:\Program Files\Java\jdk-11.0.4\bin\vcruntime140.dll
0x00007ffd83300000 - 0x00007ffd833aa000 	C:\Program Files\Java\jdk-11.0.4\bin\msvcp140.dll
0x00007ffd80bd0000 - 0x00007ffd816f7000 	C:\Program Files\Java\jdk-11.0.4\bin\server\jvm.dll
0x00007ffd9fa40000 - 0x00007ffd9fa48000 	C:\WINDOWS\System32\PSAPI.DLL
0x00007ffd97bb0000 - 0x00007ffd97bd3000 	C:\WINDOWS\SYSTEM32\WINMM.dll
0x00007ffd8e890000 - 0x00007ffd8e899000 	C:\WINDOWS\SYSTEM32\WSOCK32.dll
0x00007ffda0910000 - 0x00007ffda097c000 	C:\WINDOWS\System32\WS2_32.dll
0x00007ffd97b80000 - 0x00007ffd97baa000 	C:\WINDOWS\SYSTEM32\WINMMBASE.dll
0x00007ffd9d790000 - 0x00007ffd9d7d9000 	C:\WINDOWS\System32\cfgmgr32.dll
0x00007ffd9cf30000 - 0x00007ffd9cf41000 	C:\WINDOWS\System32\kernel.appcore.dll
0x00007ffd98490000 - 0x00007ffd984a1000 	C:\Program Files\Java\jdk-11.0.4\bin\verify.dll
0x00007ffd9b870000 - 0x00007ffd9ba39000 	C:\WINDOWS\SYSTEM32\DBGHELP.DLL
0x00007ffd89ab0000 - 0x00007ffd89ad9000 	C:\WINDOWS\SYSTEM32\dbgcore.DLL
0x00007ffd98460000 - 0x00007ffd98489000 	C:\Program Files\Java\jdk-11.0.4\bin\java.dll
0x00007ffd982f0000 - 0x00007ffd98306000 	C:\Program Files\Java\jdk-11.0.4\bin\zip.dll
0x00007ffd98fa0000 - 0x00007ffd98faa000 	C:\Program Files\Java\jdk-11.0.4\bin\jimage.dll

dbghelp: loaded successfully - version: 4.0.5 - missing functions: none
symbol engine: initialized successfully - sym options: 0x614 - pdb path: .;C:\Program Files\Java\jdk-11.0.4\bin;C:\WINDOWS\SYSTEM32;C:\WINDOWS\WinSxS\amd64_microsoft.windows.common-controls_6595b64144ccf1df_6.0.17134.1006_none_d3fbb8f77c940c3f;C:\Program Files\Java\jdk-11.0.4\bin\server

VM Arguments:
jvm_args: -Dfile.encoding=Cp1252 
java_command: Main
java_class_path (initial): D:\Workspace\ws-eclipse\Exercicio01\bin
Launcher Type: SUN_STANDARD

[Global flags]
     intx CICompilerCount                          = 3                                         {product} {ergonomic}
     uint ConcGCThreads                            = 1                                         {product} {ergonomic}
     uint G1ConcRefinementThreads                  = 4                                         {product} {ergonomic}
   size_t G1HeapRegionSize                         = 1048576                                   {product} {ergonomic}
    uintx GCDrainStackTargetSize                   = 64                                        {product} {ergonomic}
   size_t InitialHeapSize                          = 268435456                                 {product} {ergonomic}
   size_t MarkStackSize                            = 4194304                                   {product} {ergonomic}
   size_t MaxHeapSize                              = 4269801472                                {product} {ergonomic}
   size_t MinHeapDeltaBytes                        = 1048576                                   {product} {ergonomic}
    uintx NonNMethodCodeHeapSize                   = 5830092                                {pd product} {ergonomic}
    uintx NonProfiledCodeHeapSize                  = 122914074                              {pd product} {ergonomic}
    uintx ProfiledCodeHeapSize                     = 122914074                              {pd product} {ergonomic}
    uintx ReservedCodeCacheSize                    = 251658240                              {pd product} {ergonomic}
     bool SegmentedCodeCache                       = true                                      {product} {ergonomic}
     bool UseCompressedClassPointers               = true                                 {lp64_product} {ergonomic}
     bool UseCompressedOops                        = true                                 {lp64_product} {ergonomic}
     bool UseG1GC                                  = true                                      {product} {ergonomic}
     bool UseLargePagesIndividualAllocation        = false                                  {pd product} {ergonomic}

Logging:
Log output configuration:
 #0: stdout all=warning uptime,level,tags
 #1: stderr all=off uptime,level,tags

Environment Variables:
JAVA_HOME=C:\Program Files\Java\jdk-11.0.4
PATH=C:/Program Files/Java/jdk-11.0.4/bin/server;C:/Program Files/Java/jdk-11.0.4/bin;C:\Program Files (x86)\Intel\iCLS Client\;C:\Program Files\Intel\iCLS Client\;C:\Windows\system32;C:\Windows;C:\Windows\System32\Wbem;C:\Windows\System32\WindowsPowerShell\v1.0\;C:\Program Files (x86)\NVIDIA Corporation\PhysX\Common;C:\Program Files (x86)\Intel\Intel(R) Management Engine Components\DAL;C:\Program Files\Intel\Intel(R) Management Engine Components\DAL;C:\Program Files (x86)\Intel\Intel(R) Management Engine Components\IPT;C:\Program Files\Intel\Intel(R) Management Engine Components\IPT;C:\OtherPrograms\apache-maven-3.5.4\bin;C:\WINDOWS\system32;C:\WINDOWS;C:\WINDOWS\System32\Wbem;C:\WINDOWS\System32\WindowsPowerShell\v1.0\;C:\WINDOWS\System32\OpenSSH\;C:\Program Files\Java\jdk-11.0.4\bin;C:\Users\Felipe\AppData\Local\Microsoft\WindowsApps;;C:\Program Files\eclipse;
USERNAME=Felipe
OS=Windows_NT
PROCESSOR_IDENTIFIER=Intel64 Family 6 Model 142 Stepping 9, GenuineIntel



---------------  S Y S T E M  ---------------

OS: Windows 10 , 64 bit Build 17134 (10.0.17134.753)

CPU:total 4 (initial active 4) (2 cores per cpu, 2 threads per core) family 6 model 142 stepping 9, cmov, cx8, fxsr, mmx, sse, sse2, sse3, ssse3, sse4.1, sse4.2, popcnt, avx, avx2, aes, clmul, erms, 3dnowpref, lzcnt, ht, tsc, tscinvbit, bmi1, bmi2, adx, fma

Memory: 4k page, system-wide physical 16282M (870M free)
TotalPageFile size 29643M (AvailPageFile size 108M)
current process WorkingSet (physical memory assigned to process): 9M, peak: 9M
current process commit charge ("private bytes"): 52M, peak: 308M

vm_info: Java HotSpot(TM) 64-Bit Server VM (11.0.4+10-LTS) for windows-amd64 JRE (11.0.4+10-LTS), built on Jul  4 2019 16:28:13 by "mach5one" with MS VC++ 15.5 (VS2017)

END.
